2019-05-16 17:08:57.695859: I tensorflow/core/platform/cpu_feature_guard.cc:141] Your CPU supports instructions that this TensorFlow binary was not compiled to use: SSE4.1 SSE4.2 AVX AVX2 FMA
2019-05-16 17:08:57.702477: I tensorflow/core/platform/profile_utils/cpu_utils.cc:94] CPU Frequency: 3393270000 Hz
2019-05-16 17:08:57.704180: I tensorflow/compiler/xla/service/service.cc:150] XLA service 0x55bed09e44b0 executing computations on platform Host. Devices:
2019-05-16 17:08:57.704285: I tensorflow/compiler/xla/service/service.cc:158]   StreamExecutor device (0): <undefined>, <undefined>
2019-05-16 17:08:57.881244: I tensorflow/stream_executor/cuda/cuda_gpu_executor.cc:998] successful NUMA node read from SysFS had negative value (-1), but there must be at least one NUMA node, so returning NUMA node zero
2019-05-16 17:08:57.885807: I tensorflow/compiler/xla/service/service.cc:150] XLA service 0x55bed09eb550 executing computations on platform CUDA. Devices:
2019-05-16 17:08:57.885844: I tensorflow/compiler/xla/service/service.cc:158]   StreamExecutor device (0): GeForce RTX 2080 Ti, Compute Capability 7.5
2019-05-16 17:08:57.885851: I tensorflow/compiler/xla/service/service.cc:158]   StreamExecutor device (1): GeForce RTX 2080 Ti, Compute Capability 7.5
2019-05-16 17:08:57.886111: I tensorflow/core/common_runtime/gpu/gpu_device.cc:1433] Found device 0 with properties: 
name: GeForce RTX 2080 Ti major: 7 minor: 5 memoryClockRate(GHz): 1.665
pciBusID: 0000:0a:00.0
totalMemory: 10.76GiB freeMemory: 8.91GiB
2019-05-16 17:08:57.886151: I tensorflow/core/common_runtime/gpu/gpu_device.cc:1433] Found device 1 with properties: 
name: GeForce RTX 2080 Ti major: 7 minor: 5 memoryClockRate(GHz): 1.665
pciBusID: 0000:41:00.0
totalMemory: 10.76GiB freeMemory: 9.25GiB
2019-05-16 17:08:57.886260: I tensorflow/core/common_runtime/gpu/gpu_device.cc:1512] Adding visible gpu devices: 0, 1
2019-05-16 17:08:57.888626: I tensorflow/core/common_runtime/gpu/gpu_device.cc:984] Device interconnect StreamExecutor with strength 1 edge matrix:
2019-05-16 17:08:57.888645: I tensorflow/core/common_runtime/gpu/gpu_device.cc:990]      0 1 
2019-05-16 17:08:57.888651: I tensorflow/core/common_runtime/gpu/gpu_device.cc:1003] 0:   N N 
2019-05-16 17:08:57.888656: I tensorflow/core/common_runtime/gpu/gpu_device.cc:1003] 1:   N N 
2019-05-16 17:08:57.888756: I tensorflow/core/common_runtime/gpu/gpu_device.cc:1115] Created TensorFlow device (/job:localhost/replica:0/task:0/device:GPU:0 with 3635 MB memory) -> physical GPU (device: 0, name: GeForce RTX 2080 Ti, pci bus id: 0000:0a:00.0, compute capability: 7.5)
2019-05-16 17:08:57.889382: I tensorflow/core/common_runtime/gpu/gpu_device.cc:1115] Created TensorFlow device (/job:localhost/replica:0/task:0/device:GPU:1 with 3636 MB memory) -> physical GPU (device: 1, name: GeForce RTX 2080 Ti, pci bus id: 0000:41:00.0, compute capability: 7.5)
2019-05-16 17:08:57.892074: I tensorflow/core/common_runtime/gpu/gpu_device.cc:1512] Adding visible gpu devices: 0, 1
2019-05-16 17:08:57.892205: I tensorflow/core/common_runtime/gpu/gpu_device.cc:984] Device interconnect StreamExecutor with strength 1 edge matrix:
2019-05-16 17:08:57.892217: I tensorflow/core/common_runtime/gpu/gpu_device.cc:990]      0 1 
2019-05-16 17:08:57.892223: I tensorflow/core/common_runtime/gpu/gpu_device.cc:1003] 0:   N N 
2019-05-16 17:08:57.892227: I tensorflow/core/common_runtime/gpu/gpu_device.cc:1003] 1:   N N 
2019-05-16 17:08:57.892310: I tensorflow/core/common_runtime/gpu/gpu_device.cc:1115] Created TensorFlow device (/job:localhost/replica:0/task:0/device:GPU:0 with 3635 MB memory) -> physical GPU (device: 0, name: GeForce RTX 2080 Ti, pci bus id: 0000:0a:00.0, compute capability: 7.5)
2019-05-16 17:08:57.892494: I tensorflow/core/common_runtime/gpu/gpu_device.cc:1115] Created TensorFlow device (/job:localhost/replica:0/task:0/device:GPU:1 with 3636 MB memory) -> physical GPU (device: 1, name: GeForce RTX 2080 Ti, pci bus id: 0000:41:00.0, compute capability: 7.5)
-------------------------------------
we got here
-------------------------------------
-------------------------------------
we got here 2
-------------------------------------
/home/justin/Projects/NN_cert_methods/mnist_small.pkl
Loaded pretrained network
/home/justin/.conda/envs/DeepL/lib/python3.7/site-packages/matplotlib/figure.py:98: MatplotlibDeprecationWarning: 
Adding an axes using the same arguments as a previous axes currently reuses the earlier instance.  In a future version, a new instance will always be created and returned.  Meanwhile, this warning can be suppressed, and the future behavior ensured, by passing a unique label to each axes instance.
  "Adding an axes using the same arguments as a previous axes "
