2019-05-16 17:18:16.944327: I tensorflow/core/platform/cpu_feature_guard.cc:141] Your CPU supports instructions that this TensorFlow binary was not compiled to use: SSE4.1 SSE4.2 AVX AVX2 FMA
2019-05-16 17:18:16.955151: I tensorflow/core/platform/profile_utils/cpu_utils.cc:94] CPU Frequency: 3393270000 Hz
2019-05-16 17:18:16.956758: I tensorflow/compiler/xla/service/service.cc:150] XLA service 0x55b373c56370 executing computations on platform Host. Devices:
2019-05-16 17:18:16.956800: I tensorflow/compiler/xla/service/service.cc:158]   StreamExecutor device (0): <undefined>, <undefined>
2019-05-16 17:18:17.136570: I tensorflow/stream_executor/cuda/cuda_gpu_executor.cc:998] successful NUMA node read from SysFS had negative value (-1), but there must be at least one NUMA node, so returning NUMA node zero
2019-05-16 17:18:17.140686: I tensorflow/compiler/xla/service/service.cc:150] XLA service 0x55b373aff410 executing computations on platform CUDA. Devices:
2019-05-16 17:18:17.140778: I tensorflow/compiler/xla/service/service.cc:158]   StreamExecutor device (0): GeForce RTX 2080 Ti, Compute Capability 7.5
2019-05-16 17:18:17.140798: I tensorflow/compiler/xla/service/service.cc:158]   StreamExecutor device (1): GeForce RTX 2080 Ti, Compute Capability 7.5
2019-05-16 17:18:17.141093: I tensorflow/core/common_runtime/gpu/gpu_device.cc:1433] Found device 0 with properties: 
name: GeForce RTX 2080 Ti major: 7 minor: 5 memoryClockRate(GHz): 1.665
pciBusID: 0000:0a:00.0
totalMemory: 10.76GiB freeMemory: 8.28GiB
2019-05-16 17:18:17.141136: I tensorflow/core/common_runtime/gpu/gpu_device.cc:1433] Found device 1 with properties: 
name: GeForce RTX 2080 Ti major: 7 minor: 5 memoryClockRate(GHz): 1.665
pciBusID: 0000:41:00.0
totalMemory: 10.76GiB freeMemory: 7.23GiB
2019-05-16 17:18:17.141264: I tensorflow/core/common_runtime/gpu/gpu_device.cc:1512] Adding visible gpu devices: 0, 1
2019-05-16 17:18:17.143107: I tensorflow/core/common_runtime/gpu/gpu_device.cc:984] Device interconnect StreamExecutor with strength 1 edge matrix:
2019-05-16 17:18:17.143180: I tensorflow/core/common_runtime/gpu/gpu_device.cc:990]      0 1 
2019-05-16 17:18:17.143234: I tensorflow/core/common_runtime/gpu/gpu_device.cc:1003] 0:   N N 
2019-05-16 17:18:17.143285: I tensorflow/core/common_runtime/gpu/gpu_device.cc:1003] 1:   N N 
2019-05-16 17:18:17.143416: I tensorflow/core/common_runtime/gpu/gpu_device.cc:1115] Created TensorFlow device (/job:localhost/replica:0/task:0/device:GPU:0 with 3635 MB memory) -> physical GPU (device: 0, name: GeForce RTX 2080 Ti, pci bus id: 0000:0a:00.0, compute capability: 7.5)
2019-05-16 17:18:17.144066: I tensorflow/core/common_runtime/gpu/gpu_device.cc:1115] Created TensorFlow device (/job:localhost/replica:0/task:0/device:GPU:1 with 3636 MB memory) -> physical GPU (device: 1, name: GeForce RTX 2080 Ti, pci bus id: 0000:41:00.0, compute capability: 7.5)
2019-05-16 17:18:17.146966: I tensorflow/core/common_runtime/gpu/gpu_device.cc:1512] Adding visible gpu devices: 0, 1
2019-05-16 17:18:17.147107: I tensorflow/core/common_runtime/gpu/gpu_device.cc:984] Device interconnect StreamExecutor with strength 1 edge matrix:
2019-05-16 17:18:17.147118: I tensorflow/core/common_runtime/gpu/gpu_device.cc:990]      0 1 
2019-05-16 17:18:17.147123: I tensorflow/core/common_runtime/gpu/gpu_device.cc:1003] 0:   N N 
2019-05-16 17:18:17.147127: I tensorflow/core/common_runtime/gpu/gpu_device.cc:1003] 1:   N N 
2019-05-16 17:18:17.147195: I tensorflow/core/common_runtime/gpu/gpu_device.cc:1115] Created TensorFlow device (/job:localhost/replica:0/task:0/device:GPU:0 with 3635 MB memory) -> physical GPU (device: 0, name: GeForce RTX 2080 Ti, pci bus id: 0000:0a:00.0, compute capability: 7.5)
2019-05-16 17:18:17.147367: I tensorflow/core/common_runtime/gpu/gpu_device.cc:1115] Created TensorFlow device (/job:localhost/replica:0/task:0/device:GPU:1 with 3636 MB memory) -> physical GPU (device: 1, name: GeForce RTX 2080 Ti, pci bus id: 0000:41:00.0, compute capability: 7.5)
/home/justin/Projects/NN_cert_methods/mnist_small.pkl
----------------------------------
Loaded pretrained network
----------------------------------
/home/justin/.conda/envs/DeepL/lib/python3.7/site-packages/matplotlib/figure.py:98: MatplotlibDeprecationWarning: 
Adding an axes using the same arguments as a previous axes currently reuses the earlier instance.  In a future version, a new instance will always be created and returned.  Meanwhile, this warning can be suppressed, and the future behavior ensured, by passing a unique label to each axes instance.
  "Adding an axes using the same arguments as a previous axes "
WARNING:tensorflow:From /home/justin/.conda/envs/DeepL/lib/python3.7/site-packages/tensorflow/python/ops/resource_variable_ops.py:435: colocate_with (from tensorflow.python.framework.ops) is deprecated and will be removed in a future version.
Instructions for updating:
Colocations handled automatically by placer.
2019-05-16 17:18:21.736837: I tensorflow/stream_executor/dso_loader.cc:152] successfully opened CUDA library libcublas.so.10.0 locally
generating labels...
labels generated
36 images generated in total.
[[0. 0. 0. 0. 0. 0. 0. 1. 0. 0.]
 [0. 0. 0. 0. 1. 0. 0. 0. 0. 0.]
 [0. 0. 0. 0. 0. 0. 0. 1. 0. 0.]
 [0. 0. 0. 0. 1. 0. 0. 0. 0. 0.]
 [0. 0. 0. 0. 0. 0. 0. 0. 0. 1.]
 [0. 0. 0. 0. 0. 0. 0. 1. 0. 0.]
 [0. 0. 0. 0. 1. 0. 0. 0. 0. 0.]
 [0. 0. 0. 1. 0. 0. 0. 0. 0. 0.]
 [0. 0. 0. 1. 0. 0. 0. 0. 0. 0.]
 [0. 0. 0. 0. 0. 0. 0. 1. 0. 0.]]
=================================
[array([0., 0., 0., 0., 0., 0., 0., 1., 0., 0.]), array([0., 0., 1., 0., 0., 0., 0., 0., 0., 0.]), array([0., 1., 0., 0., 0., 0., 0., 0., 0., 0.]), array([1., 0., 0., 0., 0., 0., 0., 0., 0., 0.]), array([0., 0., 0., 0., 1., 0., 0., 0., 0., 0.]), array([0., 1., 0., 0., 0., 0., 0., 0., 0., 0.]), array([0., 0., 0., 0., 1., 0., 0., 0., 0., 0.]), array([0., 0., 0., 0., 0., 0., 0., 0., 0., 1.]), array([0., 0., 0., 0., 0., 1., 0., 0., 0., 0.]), array([0., 0., 0., 0., 0., 0., 0., 0., 0., 1.])]
[[0. 0. 0. 0. 0. 0. 0. 0. 0. 1.]
 [1. 0. 0. 0. 0. 0. 0. 0. 0. 0.]
 [0. 0. 0. 0. 0. 0. 0. 1. 0. 0.]
 [0. 0. 0. 0. 0. 1. 0. 0. 0. 0.]
 [0. 0. 0. 0. 0. 0. 0. 0. 0. 1.]
 [0. 0. 0. 0. 0. 0. 0. 1. 0. 0.]
 [0. 0. 0. 0. 0. 0. 0. 0. 0. 1.]
 [0. 0. 0. 0. 1. 0. 0. 0. 0. 0.]
 [0. 0. 0. 0. 0. 1. 0. 0. 0. 0.]
 [0. 0. 0. 0. 0. 0. 0. 1. 0. 0.]]
[<tf.Tensor 'sequential/dense_3/BiasAdd:0' shape=(1, 10) dtype=float32>
 <tf.Tensor 'sequential_1/dense_3/BiasAdd:0' shape=(1, 10) dtype=float32>
 <tf.Tensor 'sequential_2/dense_3/BiasAdd:0' shape=(1, 10) dtype=float32>
 <tf.Tensor 'sequential_3/dense_3/BiasAdd:0' shape=(1, 10) dtype=float32>
 <tf.Tensor 'sequential_4/dense_3/BiasAdd:0' shape=(1, 10) dtype=float32>
 <tf.Tensor 'sequential_5/dense_3/BiasAdd:0' shape=(1, 10) dtype=float32>
 <tf.Tensor 'sequential_6/dense_3/BiasAdd:0' shape=(1, 10) dtype=float32>
 <tf.Tensor 'sequential_7/dense_3/BiasAdd:0' shape=(1, 10) dtype=float32>
 <tf.Tensor 'sequential_8/dense_3/BiasAdd:0' shape=(1, 10) dtype=float32>
 <tf.Tensor 'sequential_9/dense_3/BiasAdd:0' shape=(1, 10) dtype=float32>]
