2019-05-16 16:52:36.892822: I tensorflow/core/platform/cpu_feature_guard.cc:141] Your CPU supports instructions that this TensorFlow binary was not compiled to use: SSE4.1 SSE4.2 AVX AVX2 FMA
2019-05-16 16:52:36.901343: I tensorflow/core/platform/profile_utils/cpu_utils.cc:94] CPU Frequency: 3393270000 Hz
2019-05-16 16:52:36.903407: I tensorflow/compiler/xla/service/service.cc:150] XLA service 0x55a76a2c8250 executing computations on platform Host. Devices:
2019-05-16 16:52:36.903450: I tensorflow/compiler/xla/service/service.cc:158]   StreamExecutor device (0): <undefined>, <undefined>
2019-05-16 16:52:37.113444: I tensorflow/stream_executor/cuda/cuda_gpu_executor.cc:998] successful NUMA node read from SysFS had negative value (-1), but there must be at least one NUMA node, so returning NUMA node zero
2019-05-16 16:52:37.114367: I tensorflow/compiler/xla/service/service.cc:150] XLA service 0x55a76a606730 executing computations on platform CUDA. Devices:
2019-05-16 16:52:37.114419: I tensorflow/compiler/xla/service/service.cc:158]   StreamExecutor device (0): GeForce RTX 2080 Ti, Compute Capability 7.5
2019-05-16 16:52:37.114429: I tensorflow/compiler/xla/service/service.cc:158]   StreamExecutor device (1): GeForce RTX 2080 Ti, Compute Capability 7.5
2019-05-16 16:52:37.114772: I tensorflow/core/common_runtime/gpu/gpu_device.cc:1433] Found device 0 with properties: 
name: GeForce RTX 2080 Ti major: 7 minor: 5 memoryClockRate(GHz): 1.665
pciBusID: 0000:0a:00.0
totalMemory: 10.76GiB freeMemory: 9.42GiB
2019-05-16 16:52:37.114830: I tensorflow/core/common_runtime/gpu/gpu_device.cc:1433] Found device 1 with properties: 
name: GeForce RTX 2080 Ti major: 7 minor: 5 memoryClockRate(GHz): 1.665
pciBusID: 0000:41:00.0
totalMemory: 10.76GiB freeMemory: 10.60GiB
2019-05-16 16:52:37.114971: I tensorflow/core/common_runtime/gpu/gpu_device.cc:1512] Adding visible gpu devices: 0, 1
2019-05-16 16:52:37.117758: I tensorflow/core/common_runtime/gpu/gpu_device.cc:984] Device interconnect StreamExecutor with strength 1 edge matrix:
2019-05-16 16:52:37.117782: I tensorflow/core/common_runtime/gpu/gpu_device.cc:990]      0 1 
2019-05-16 16:52:37.117792: I tensorflow/core/common_runtime/gpu/gpu_device.cc:1003] 0:   N N 
2019-05-16 16:52:37.117799: I tensorflow/core/common_runtime/gpu/gpu_device.cc:1003] 1:   N N 
2019-05-16 16:52:37.117919: I tensorflow/core/common_runtime/gpu/gpu_device.cc:1115] Created TensorFlow device (/job:localhost/replica:0/task:0/device:GPU:0 with 3635 MB memory) -> physical GPU (device: 0, name: GeForce RTX 2080 Ti, pci bus id: 0000:0a:00.0, compute capability: 7.5)
2019-05-16 16:52:37.118489: I tensorflow/core/common_runtime/gpu/gpu_device.cc:1115] Created TensorFlow device (/job:localhost/replica:0/task:0/device:GPU:1 with 3636 MB memory) -> physical GPU (device: 1, name: GeForce RTX 2080 Ti, pci bus id: 0000:41:00.0, compute capability: 7.5)
2019-05-16 16:52:37.121679: I tensorflow/core/common_runtime/gpu/gpu_device.cc:1512] Adding visible gpu devices: 0, 1
2019-05-16 16:52:37.121824: I tensorflow/core/common_runtime/gpu/gpu_device.cc:984] Device interconnect StreamExecutor with strength 1 edge matrix:
2019-05-16 16:52:37.121837: I tensorflow/core/common_runtime/gpu/gpu_device.cc:990]      0 1 
2019-05-16 16:52:37.121847: I tensorflow/core/common_runtime/gpu/gpu_device.cc:1003] 0:   N N 
2019-05-16 16:52:37.121855: I tensorflow/core/common_runtime/gpu/gpu_device.cc:1003] 1:   N N 
2019-05-16 16:52:37.121954: I tensorflow/core/common_runtime/gpu/gpu_device.cc:1115] Created TensorFlow device (/job:localhost/replica:0/task:0/device:GPU:0 with 3635 MB memory) -> physical GPU (device: 0, name: GeForce RTX 2080 Ti, pci bus id: 0000:0a:00.0, compute capability: 7.5)
2019-05-16 16:52:37.122215: I tensorflow/core/common_runtime/gpu/gpu_device.cc:1115] Created TensorFlow device (/job:localhost/replica:0/task:0/device:GPU:1 with 3636 MB memory) -> physical GPU (device: 1, name: GeForce RTX 2080 Ti, pci bus id: 0000:41:00.0, compute capability: 7.5)
Loaded pretrained network
/home/justin/.conda/envs/DeepL/lib/python3.7/site-packages/matplotlib/figure.py:98: MatplotlibDeprecationWarning: 
Adding an axes using the same arguments as a previous axes currently reuses the earlier instance.  In a future version, a new instance will always be created and returned.  Meanwhile, this warning can be suppressed, and the future behavior ensured, by passing a unique label to each axes instance.
  "Adding an axes using the same arguments as a previous axes "
WARNING:tensorflow:From /home/justin/.conda/envs/DeepL/lib/python3.7/site-packages/tensorflow/python/ops/resource_variable_ops.py:435: colocate_with (from tensorflow.python.framework.ops) is deprecated and will be removed in a future version.
Instructions for updating:
Colocations handled automatically by placer.
Traceback (most recent call last):
  File "main.py", line 262, in <module>
    inputs, targets, true_labels, true_ids, img_info = generate_data(data, samples=args.numimage, targeted=targeted, random_and_least_likely = True, target_type = target_type, predictor=model.model.predict, start=args.startimage)
NameError: name 'data' is not defined
